c:\cpython-3.10.4\pcbuild\obj\310amd64_release\venvwlauncher\vc142.pdb
c:\cpython-3.10.4\pcbuild\obj\310amd64_release\venvwlauncher\launcher.obj
c:\cpython\pcbuild\obj\310amd64_release\venvwlauncher\vc142.pdb
c:\cpython\pcbuild\obj\310amd64_release\venvwlauncher\launcher.obj
c:\cpython-3.10.4\pcbuild\amd64\venvwlauncher.exe
c:\cpython-3.10.4\pcbuild\obj\310amd64_release\venvwlauncher\venvwlauncher.iobj
c:\cpython-3.10.4\pcbuild\amd64\venvwlauncher.pdb
c:\cpython\pcbuild\amd64\venvwlauncher.exe
c:\cpython\pcbuild\obj\310amd64_release\venvwlauncher\venvwlauncher.iobj
c:\cpython\pcbuild\amd64\venvwlauncher.pdb
c:\cpython-3.10.4\pcbuild\obj\310amd64_release\venvwlauncher\pylauncher.res
c:\cpython\pcbuild\obj\310amd64_release\venvwlauncher\pylauncher.res
c:\cpython\pcbuild\obj\310amd64_release\venvwlauncher\venvwlauncher.vcxproj.filelistabsolute.txt
c:\cpython\pcbuild\obj\310amd64_release\venvwlauncher\venvwlauncher.tlog\cl.command.1.tlog
c:\cpython\pcbuild\obj\310amd64_release\venvwlauncher\venvwlauncher.tlog\cl.read.1.tlog
c:\cpython\pcbuild\obj\310amd64_release\venvwlauncher\venvwlauncher.tlog\cl.write.1.tlog
c:\cpython\pcbuild\obj\310amd64_release\venvwlauncher\venvwlauncher.tlog\link.command.1.tlog
c:\cpython\pcbuild\obj\310amd64_release\venvwlauncher\venvwlauncher.tlog\link.read.1.tlog
c:\cpython\pcbuild\obj\310amd64_release\venvwlauncher\venvwlauncher.tlog\link.write.1.tlog
c:\cpython\pcbuild\obj\310amd64_release\venvwlauncher\venvwlauncher.tlog\rc.command.1.tlog
c:\cpython\pcbuild\obj\310amd64_release\venvwlauncher\venvwlauncher.tlog\rc.read.1.tlog
c:\cpython\pcbuild\obj\310amd64_release\venvwlauncher\venvwlauncher.tlog\rc.write.1.tlog
