c:\cpython-3.10.4\pcbuild\obj\310amd64_release\_queue\vc142.pdb
c:\cpython-3.10.4\pcbuild\obj\310amd64_release\_queue\_queuemodule.obj
c:\cpython\pcbuild\obj\310amd64_release\_queue\vc142.pdb
c:\cpython\pcbuild\obj\310amd64_release\_queue\_queuemodule.obj
c:\cpython-3.10.4\pcbuild\amd64\_queue.pyd
c:\cpython-3.10.4\pcbuild\obj\310amd64_release\_queue\_queue.iobj
c:\cpython-3.10.4\pcbuild\amd64\_queue.pdb
c:\cpython\pcbuild\amd64\_queue.pyd
c:\cpython\pcbuild\obj\310amd64_release\_queue\_queue.iobj
c:\cpython\pcbuild\amd64\_queue.pdb
c:\cpython-3.10.4\pcbuild\obj\310amd64_release\_queue\python_nt.res
c:\cpython\pcbuild\obj\310amd64_release\_queue\python_nt.res
c:\cpython-3.10.4\pcbuild\amd64\_queue.lib
c:\cpython-3.10.4\pcbuild\amd64\_queue.exp
c:\cpython\pcbuild\amd64\_queue.lib
c:\cpython\pcbuild\amd64\_queue.exp
c:\cpython\pcbuild\obj\310amd64_release\_queue\_queue.vcxproj.filelistabsolute.txt
c:\cpython\pcbuild\obj\310amd64_release\_queue\_queue.tlog\cl.command.1.tlog
c:\cpython\pcbuild\obj\310amd64_release\_queue\_queue.tlog\cl.read.1.tlog
c:\cpython\pcbuild\obj\310amd64_release\_queue\_queue.tlog\cl.write.1.tlog
c:\cpython\pcbuild\obj\310amd64_release\_queue\_queue.tlog\link.command.1.tlog
c:\cpython\pcbuild\obj\310amd64_release\_queue\_queue.tlog\link.read.1.tlog
c:\cpython\pcbuild\obj\310amd64_release\_queue\_queue.tlog\link.write.1.tlog
c:\cpython\pcbuild\obj\310amd64_release\_queue\_queue.tlog\rc.command.1.tlog
c:\cpython\pcbuild\obj\310amd64_release\_queue\_queue.tlog\rc.read.1.tlog
c:\cpython\pcbuild\obj\310amd64_release\_queue\_queue.tlog\rc.write.1.tlog
c:\cpython\pcbuild\obj\310amd64_release\_queue\_queue.tlog\_queue.write.1u.tlog
