c:\cpython-3.10.4\pcbuild\obj\310amd64_release\_uuid\vc142.pdb
c:\cpython-3.10.4\pcbuild\obj\310amd64_release\_uuid\_uuidmodule.obj
c:\cpython\pcbuild\obj\310amd64_release\_uuid\vc142.pdb
c:\cpython\pcbuild\obj\310amd64_release\_uuid\_uuidmodule.obj
c:\cpython-3.10.4\pcbuild\amd64\_uuid.pyd
c:\cpython-3.10.4\pcbuild\obj\310amd64_release\_uuid\_uuid.iobj
c:\cpython-3.10.4\pcbuild\amd64\_uuid.pdb
c:\cpython\pcbuild\amd64\_uuid.pyd
c:\cpython\pcbuild\obj\310amd64_release\_uuid\_uuid.iobj
c:\cpython\pcbuild\amd64\_uuid.pdb
c:\cpython-3.10.4\pcbuild\obj\310amd64_release\_uuid\python_nt.res
c:\cpython\pcbuild\obj\310amd64_release\_uuid\python_nt.res
c:\cpython-3.10.4\pcbuild\amd64\_uuid.lib
c:\cpython-3.10.4\pcbuild\amd64\_uuid.exp
c:\cpython\pcbuild\amd64\_uuid.lib
c:\cpython\pcbuild\amd64\_uuid.exp
c:\cpython\pcbuild\obj\310amd64_release\_uuid\_uuid.vcxproj.filelistabsolute.txt
c:\cpython\pcbuild\obj\310amd64_release\_uuid\_uuid.tlog\cl.command.1.tlog
c:\cpython\pcbuild\obj\310amd64_release\_uuid\_uuid.tlog\cl.read.1.tlog
c:\cpython\pcbuild\obj\310amd64_release\_uuid\_uuid.tlog\cl.write.1.tlog
c:\cpython\pcbuild\obj\310amd64_release\_uuid\_uuid.tlog\link.command.1.tlog
c:\cpython\pcbuild\obj\310amd64_release\_uuid\_uuid.tlog\link.read.1.tlog
c:\cpython\pcbuild\obj\310amd64_release\_uuid\_uuid.tlog\link.write.1.tlog
c:\cpython\pcbuild\obj\310amd64_release\_uuid\_uuid.tlog\rc.command.1.tlog
c:\cpython\pcbuild\obj\310amd64_release\_uuid\_uuid.tlog\rc.read.1.tlog
c:\cpython\pcbuild\obj\310amd64_release\_uuid\_uuid.tlog\rc.write.1.tlog
c:\cpython\pcbuild\obj\310amd64_release\_uuid\_uuid.tlog\_uuid.write.1u.tlog
