c:\cpython-3.10.4\pcbuild\obj\310amd64_release\select\vc142.pdb
c:\cpython-3.10.4\pcbuild\obj\310amd64_release\select\selectmodule.obj
c:\cpython\pcbuild\obj\310amd64_release\select\vc142.pdb
c:\cpython\pcbuild\obj\310amd64_release\select\selectmodule.obj
c:\cpython-3.10.4\pcbuild\amd64\select.pyd
c:\cpython-3.10.4\pcbuild\obj\310amd64_release\select\select.iobj
c:\cpython-3.10.4\pcbuild\amd64\select.pdb
c:\cpython\pcbuild\amd64\select.pyd
c:\cpython\pcbuild\obj\310amd64_release\select\select.iobj
c:\cpython\pcbuild\amd64\select.pdb
c:\cpython-3.10.4\pcbuild\obj\310amd64_release\select\python_nt.res
c:\cpython\pcbuild\obj\310amd64_release\select\python_nt.res
c:\cpython-3.10.4\pcbuild\amd64\select.lib
c:\cpython-3.10.4\pcbuild\amd64\select.exp
c:\cpython\pcbuild\amd64\select.lib
c:\cpython\pcbuild\amd64\select.exp
c:\cpython\pcbuild\obj\310amd64_release\select\select.vcxproj.filelistabsolute.txt
c:\cpython\pcbuild\obj\310amd64_release\select\select.tlog\cl.command.1.tlog
c:\cpython\pcbuild\obj\310amd64_release\select\select.tlog\cl.read.1.tlog
c:\cpython\pcbuild\obj\310amd64_release\select\select.tlog\cl.write.1.tlog
c:\cpython\pcbuild\obj\310amd64_release\select\select.tlog\link.command.1.tlog
c:\cpython\pcbuild\obj\310amd64_release\select\select.tlog\link.read.1.tlog
c:\cpython\pcbuild\obj\310amd64_release\select\select.tlog\link.write.1.tlog
c:\cpython\pcbuild\obj\310amd64_release\select\select.tlog\rc.command.1.tlog
c:\cpython\pcbuild\obj\310amd64_release\select\select.tlog\rc.read.1.tlog
c:\cpython\pcbuild\obj\310amd64_release\select\select.tlog\rc.write.1.tlog
c:\cpython\pcbuild\obj\310amd64_release\select\select.tlog\select.write.1u.tlog
